#! /c/Source/iverilog-install/bin/vvp
:ivl_version "12.0 (devel)" "(s20150603-1539-g2693dd32b)";
:ivl_delay_selection "TYPICAL";
:vpi_time_precision - 12;
:vpi_module "C:\iverilog\lib\ivl\system.vpi";
:vpi_module "C:\iverilog\lib\ivl\vhdl_sys.vpi";
:vpi_module "C:\iverilog\lib\ivl\vhdl_textio.vpi";
:vpi_module "C:\iverilog\lib\ivl\v2005_math.vpi";
:vpi_module "C:\iverilog\lib\ivl\va_math.vpi";
S_000002b135afbc10 .scope module, "tb_compare_alu" "tb_compare_alu" 2 3;
 .timescale -9 -12;
v000002b135b44130_0 .var "a", 3 0;
v000002b135b441d0_0 .var "b", 3 0;
v000002b135b44270_0 .net "eq", 0 0, L_000002b135b98e20;  1 drivers
v000002b135b44310_0 .net "gt", 0 0, L_000002b135b99140;  1 drivers
v000002b135b98920_0 .var/i "i", 31 0;
v000002b135b995a0_0 .net "lt", 0 0, L_000002b135b990a0;  1 drivers
v000002b135b98d80_0 .var "op", 2 0;
v000002b135b99460_0 .net "result", 3 0, v000002b135b355a0_0;  1 drivers
v000002b135b99640_0 .net "zero", 0 0, L_000002b135b996e0;  1 drivers
S_000002b135b352d0 .scope module, "alu" "alu4" 2 16, 3 15 0, S_000002b135afbc10;
 .timescale -9 -12;
    .port_info 0 /INPUT 4 "a";
    .port_info 1 /INPUT 4 "b";
    .port_info 2 /INPUT 3 "op";
    .port_info 3 /OUTPUT 4 "result";
    .port_info 4 /OUTPUT 1 "zero";
L_000002b135b99848 .functor BUFT 1, C4<0000>, C4<0>, C4<0>, C4<0>;
v000002b135afbda0_0 .net/2u *"_ivl_0", 3 0, L_000002b135b99848;  1 drivers
v000002b135b134f0_0 .net "a", 3 0, v000002b135b44130_0;  1 drivers
v000002b135b35460_0 .net "b", 3 0, v000002b135b441d0_0;  1 drivers
v000002b135b35500_0 .net "op", 2 0, v000002b135b98d80_0;  1 drivers
v000002b135b355a0_0 .var "result", 3 0;
v000002b135b12ce0_0 .net "zero", 0 0, L_000002b135b996e0;  alias, 1 drivers
E_000002b135afb320 .event anyedge, v000002b135b35500_0, v000002b135b134f0_0, v000002b135b35460_0;
L_000002b135b996e0 .cmp/eq 4, v000002b135b355a0_0, L_000002b135b99848;
S_000002b135b12d80 .scope module, "cmp" "comparator4" 2 15, 3 3 0, S_000002b135afbc10;
 .timescale -9 -12;
    .port_info 0 /INPUT 4 "a";
    .port_info 1 /INPUT 4 "b";
    .port_info 2 /OUTPUT 1 "eq";
    .port_info 3 /OUTPUT 1 "gt";
    .port_info 4 /OUTPUT 1 "lt";
v000002b135b12f10_0 .net "a", 3 0, v000002b135b44130_0;  alias, 1 drivers
v000002b135b12fb0_0 .net "b", 3 0, v000002b135b441d0_0;  alias, 1 drivers
v000002b135b13050_0 .net "eq", 0 0, L_000002b135b98e20;  alias, 1 drivers
v000002b135b130f0_0 .net "gt", 0 0, L_000002b135b99140;  alias, 1 drivers
v000002b135b44090_0 .net "lt", 0 0, L_000002b135b990a0;  alias, 1 drivers
L_000002b135b98e20 .cmp/eq 4, v000002b135b44130_0, v000002b135b441d0_0;
L_000002b135b99140 .cmp/gt 4, v000002b135b44130_0, v000002b135b441d0_0;
L_000002b135b990a0 .cmp/gt 4, v000002b135b441d0_0, v000002b135b44130_0;
    .scope S_000002b135b352d0;
T_0 ;
    %wait E_000002b135afb320;
    %load/vec4 v000002b135b35500_0;
    %dup/vec4;
    %pushi/vec4 0, 0, 3;
    %cmp/u;
    %jmp/1 T_0.0, 6;
    %dup/vec4;
    %pushi/vec4 1, 0, 3;
    %cmp/u;
    %jmp/1 T_0.1, 6;
    %dup/vec4;
    %pushi/vec4 2, 0, 3;
    %cmp/u;
    %jmp/1 T_0.2, 6;
    %dup/vec4;
    %pushi/vec4 3, 0, 3;
    %cmp/u;
    %jmp/1 T_0.3, 6;
    %dup/vec4;
    %pushi/vec4 4, 0, 3;
    %cmp/u;
    %jmp/1 T_0.4, 6;
    %pushi/vec4 0, 0, 4;
    %store/vec4 v000002b135b355a0_0, 0, 4;
    %jmp T_0.6;
T_0.0 ;
    %load/vec4 v000002b135b134f0_0;
    %load/vec4 v000002b135b35460_0;
    %add;
    %store/vec4 v000002b135b355a0_0, 0, 4;
    %jmp T_0.6;
T_0.1 ;
    %load/vec4 v000002b135b134f0_0;
    %load/vec4 v000002b135b35460_0;
    %sub;
    %store/vec4 v000002b135b355a0_0, 0, 4;
    %jmp T_0.6;
T_0.2 ;
    %load/vec4 v000002b135b134f0_0;
    %load/vec4 v000002b135b35460_0;
    %and;
    %store/vec4 v000002b135b355a0_0, 0, 4;
    %jmp T_0.6;
T_0.3 ;
    %load/vec4 v000002b135b134f0_0;
    %load/vec4 v000002b135b35460_0;
    %or;
    %store/vec4 v000002b135b355a0_0, 0, 4;
    %jmp T_0.6;
T_0.4 ;
    %load/vec4 v000002b135b134f0_0;
    %inv;
    %store/vec4 v000002b135b355a0_0, 0, 4;
    %jmp T_0.6;
T_0.6 ;
    %pop/vec4 1;
    %jmp T_0;
    .thread T_0, $push;
    .scope S_000002b135afbc10;
T_1 ;
    %vpi_call 2 19 "$dumpfile", "lab05_compare_alu.vcd" {0 0 0};
    %vpi_call 2 20 "$dumpvars", 32'sb00000000000000000000000000000000, S_000002b135afbc10 {0 0 0};
    %pushi/vec4 9, 0, 4;
    %store/vec4 v000002b135b44130_0, 0, 4;
    %pushi/vec4 3, 0, 4;
    %store/vec4 v000002b135b441d0_0, 0, 4;
    %vpi_call 2 24 "$display", "a b op  | result zero eq gt lt" {0 0 0};
    %pushi/vec4 0, 0, 32;
    %store/vec4 v000002b135b98920_0, 0, 32;
T_1.0 ;
    %load/vec4 v000002b135b98920_0;
    %cmpi/s 5, 0, 32;
    %jmp/0xz T_1.1, 5;
    %load/vec4 v000002b135b98920_0;
    %parti/s 3, 0, 2;
    %store/vec4 v000002b135b98d80_0, 0, 3;
    %delay 10000, 0;
    %vpi_call 2 29 "$display", "%d %d %b |   %d     %b   %b  %b  %b", v000002b135b44130_0, v000002b135b441d0_0, v000002b135b98d80_0, v000002b135b99460_0, v000002b135b99640_0, v000002b135b44270_0, v000002b135b44310_0, v000002b135b995a0_0 {0 0 0};
    %load/vec4 v000002b135b98920_0;
    %addi 1, 0, 32;
    %store/vec4 v000002b135b98920_0, 0, 32;
    %jmp T_1.0;
T_1.1 ;
    %pushi/vec4 5, 0, 4;
    %store/vec4 v000002b135b44130_0, 0, 4;
    %pushi/vec4 5, 0, 4;
    %store/vec4 v000002b135b441d0_0, 0, 4;
    %pushi/vec4 1, 0, 3;
    %store/vec4 v000002b135b98d80_0, 0, 3;
    %delay 10000, 0;
    %vpi_call 2 37 "$display", "%d %d %b |   %d     %b   %b  %b  %b", v000002b135b44130_0, v000002b135b441d0_0, v000002b135b98d80_0, v000002b135b99460_0, v000002b135b99640_0, v000002b135b44270_0, v000002b135b44310_0, v000002b135b995a0_0 {0 0 0};
    %vpi_call 2 40 "$finish" {0 0 0};
    %end;
    .thread T_1;
# The file index is used to find the file name in the following table.
:file_names 4;
    "N/A";
    "<interactive>";
    "tb_compare_alu.v";
    "compare_alu.v";
