#! /c/Source/iverilog-install/bin/vvp
:ivl_version "12.0 (devel)" "(s20150603-1539-g2693dd32b)";
:ivl_delay_selection "TYPICAL";
:vpi_time_precision - 12;
:vpi_module "C:\iverilog\lib\ivl\system.vpi";
:vpi_module "C:\iverilog\lib\ivl\vhdl_sys.vpi";
:vpi_module "C:\iverilog\lib\ivl\vhdl_textio.vpi";
:vpi_module "C:\iverilog\lib\ivl\v2005_math.vpi";
:vpi_module "C:\iverilog\lib\ivl\va_math.vpi";
S_000002000af99fb0 .scope module, "tb_latch_flipflop" "tb_latch_flipflop" 2 3;
 .timescale -9 -12;
v000002000afb2e80_0 .var "clk", 0 0;
v000002000afb2f20_0 .var "d", 0 0;
v000002000afb2fc0_0 .var "enable", 0 0;
v000002000afb3060_0 .net "q_ff", 0 0, v000002000afb3850_0;  1 drivers
v000002000afb3100_0 .net "q_latch", 0 0, v000002000afb2de0_0;  1 drivers
v000002000b031820_0 .var "reset", 0 0;
S_000002000af9cad0 .scope module, "ff0" "d_flip_flop" 2 12, 3 15 0, S_000002000af99fb0;
 .timescale -9 -12;
    .port_info 0 /INPUT 1 "d";
    .port_info 1 /INPUT 1 "clk";
    .port_info 2 /INPUT 1 "reset";
    .port_info 3 /OUTPUT 1 "q";
v000002000afb33a0_0 .net "clk", 0 0, v000002000afb2e80_0;  1 drivers
v000002000afb35c0_0 .net "d", 0 0, v000002000afb2f20_0;  1 drivers
v000002000afb3850_0 .var "q", 0 0;
v000002000af9cc60_0 .net "reset", 0 0, v000002000b031820_0;  1 drivers
E_000002000afeb520/0 .event negedge, v000002000af9cc60_0;
E_000002000afeb520/1 .event posedge, v000002000afb33a0_0;
E_000002000afeb520 .event/or E_000002000afeb520/0, E_000002000afeb520/1;
S_000002000af9cd00 .scope module, "latch0" "d_latch" 2 11, 3 3 0, S_000002000af99fb0;
 .timescale -9 -12;
    .port_info 0 /INPUT 1 "d";
    .port_info 1 /INPUT 1 "enable";
    .port_info 2 /OUTPUT 1 "q";
v000002000af9ce90_0 .net "d", 0 0, v000002000afb2f20_0;  alias, 1 drivers
v000002000afb2d40_0 .net "enable", 0 0, v000002000afb2fc0_0;  1 drivers
v000002000afb2de0_0 .var "q", 0 0;
E_000002000afea9a0 .event anyedge, v000002000afb2d40_0, v000002000afb35c0_0;
    .scope S_000002000af9cd00;
T_0 ;
    %wait E_000002000afea9a0;
    %load/vec4 v000002000afb2d40_0;
    %flag_set/vec4 8;
    %jmp/0xz  T_0.0, 8;
    %load/vec4 v000002000af9ce90_0;
    %store/vec4 v000002000afb2de0_0, 0, 1;
T_0.0 ;
    %jmp T_0;
    .thread T_0, $push;
    .scope S_000002000af9cad0;
T_1 ;
    %wait E_000002000afeb520;
    %load/vec4 v000002000af9cc60_0;
    %nor/r;
    %flag_set/vec4 8;
    %jmp/0xz  T_1.0, 8;
    %pushi/vec4 0, 0, 1;
    %assign/vec4 v000002000afb3850_0, 0;
    %jmp T_1.1;
T_1.0 ;
    %load/vec4 v000002000afb35c0_0;
    %assign/vec4 v000002000afb3850_0, 0;
T_1.1 ;
    %jmp T_1;
    .thread T_1;
    .scope S_000002000af99fb0;
T_2 ;
    %pushi/vec4 0, 0, 1;
    %store/vec4 v000002000afb2e80_0, 0, 1;
T_2.0 ;
    %delay 5000, 0;
    %load/vec4 v000002000afb2e80_0;
    %inv;
    %store/vec4 v000002000afb2e80_0, 0, 1;
    %jmp T_2.0;
    %end;
    .thread T_2;
    .scope S_000002000af99fb0;
T_3 ;
    %vpi_call 2 20 "$dumpfile", "lab06_latch_flipflop.vcd" {0 0 0};
    %vpi_call 2 21 "$dumpvars", 32'sb00000000000000000000000000000000, S_000002000af99fb0 {0 0 0};
    %pushi/vec4 0, 0, 1;
    %store/vec4 v000002000afb2f20_0, 0, 1;
    %pushi/vec4 0, 0, 1;
    %store/vec4 v000002000afb2fc0_0, 0, 1;
    %pushi/vec4 0, 0, 1;
    %store/vec4 v000002000b031820_0, 0, 1;
    %delay 12000, 0;
    %pushi/vec4 1, 0, 1;
    %store/vec4 v000002000b031820_0, 0, 1;
    %pushi/vec4 1, 0, 1;
    %store/vec4 v000002000afb2fc0_0, 0, 1;
    %pushi/vec4 1, 0, 1;
    %store/vec4 v000002000afb2f20_0, 0, 1;
    %delay 12000, 0;
    %pushi/vec4 0, 0, 1;
    %store/vec4 v000002000afb2f20_0, 0, 1;
    %delay 8000, 0;
    %pushi/vec4 0, 0, 1;
    %store/vec4 v000002000afb2fc0_0, 0, 1;
    %pushi/vec4 1, 0, 1;
    %store/vec4 v000002000afb2f20_0, 0, 1;
    %delay 8000, 0;
    %pushi/vec4 0, 0, 1;
    %store/vec4 v000002000b031820_0, 0, 1;
    %delay 4000, 0;
    %pushi/vec4 1, 0, 1;
    %store/vec4 v000002000b031820_0, 0, 1;
    %delay 8000, 0;
    %pushi/vec4 1, 0, 1;
    %store/vec4 v000002000afb2fc0_0, 0, 1;
    %pushi/vec4 0, 0, 1;
    %store/vec4 v000002000afb2f20_0, 0, 1;
    %delay 20000, 0;
    %vpi_call 2 50 "$finish" {0 0 0};
    %end;
    .thread T_3;
# The file index is used to find the file name in the following table.
:file_names 4;
    "N/A";
    "<interactive>";
    "tb_latch_flipflop.v";
    "latch_flipflop.v";
